#
# There is insufficient memory for the Java Runtime Environment to continue.
# Native memory allocation (malloc) failed to allocate 1048576 bytes for AllocateHeap
# Possible reasons:
#   The system is out of physical RAM or swap space
#   In 32 bit mode, the process size limit was hit
# Possible solutions:
#   Reduce memory load on the system
#   Increase physical memory or swap space
#   Check if swap backing store is full
#   Use 64 bit Java on a 64 bit OS
#   Decrease Java heap size (-Xmx/-Xms)
#   Decrease number of Java threads
#   Decrease Java thread stack sizes (-Xss)
#   Set larger code cache with -XX:ReservedCodeCacheSize=
# This output file may be truncated or incomplete.
#
#  Out of Memory Error (memory/allocation.inline.hpp:61), pid=9612, tid=0x0000000000002158
#
# JRE version:  (8.0) (build )
# Java VM: OpenJDK 64-Bit Server VM (25.71-b00 mixed mode windows-amd64 compressed oops)
# Failed to write core dump. Minidumps are not enabled by default on client versions of Windows
#

---------------  T H R E A D  ---------------

Current thread (0x0000000002962800):  JavaThread "Unknown thread" [_thread_in_vm, id=8536, stack(0x0000000002810000,0x0000000002910000)]

Stack: [0x0000000002810000,0x0000000002910000]
[error occurred during error reporting (printing stack bounds), id 0xc0000005]

Native frames: (J=compiled Java code, j=interpreted, Vv=VM code, C=native code)


---------------  P R O C E S S  ---------------

Java Threads: ( => current thread )

Other Threads:

=>0x0000000002962800 (exited) JavaThread "Unknown thread" [_thread_in_vm, id=8536, stack(0x0000000002810000,0x0000000002910000)]

VM state:not at safepoint (normal execution)

VM Mutex/Monitor currently owned by a thread: None

Heap:
 PSYoungGen      total 76288K, used 1310K [0x000000076ab00000, 0x0000000770000000, 0x00000007c0000000)
  eden space 65536K, 2% used [0x000000076ab00000,0x000000076ac47af0,0x000000076eb00000)
  from space 10752K, 0% used [0x000000076f580000,0x000000076f580000,0x0000000770000000)
  to   space 10752K, 0% used [0x000000076eb00000,0x000000076eb00000,0x000000076f580000)
 ParOldGen       total 175104K, used 0K [0x00000006c0000000, 0x00000006cab00000, 0x000000076ab00000)
  object space 175104K, 0% used [0x00000006c0000000,0x00000006c0000000,0x00000006cab00000)
 Metaspace       used 777K, capacity 4480K, committed 4480K, reserved 1056768K
  class space    used 74K, capacity 384K, committed 384K, reserved 1048576K

Card table byte_map: [0x0000000011e20000,0x0000000012630000] byte_map_base: 0x000000000e820000

Marking Bits: (ParMarkBitMap*) 0x000000005c0dbe50
 Begin Bits: [0x0000000013590000, 0x0000000017590000)
 End Bits:   [0x0000000017590000, 0x000000001b590000)

Polling page: 0x0000000000910000

CodeCache: size=245760Kb used=327Kb max_used=327Kb free=245432Kb
 bounds [0x0000000002a60000, 0x0000000002cd0000, 0x0000000011a60000]
 total_blobs=56 nmethods=0 adapters=38
 compilation: enabled

Compilation events (0 events):
No events

GC Heap History (0 events):
No events

Deoptimization events (0 events):
No events

Classes redefined (0 events):
No events

Internal exceptions (0 events):
No events

Events (10 events):
Event: 0.014 loading class java/lang/Short
Event: 0.014 loading class java/lang/Short done
Event: 0.014 loading class java/lang/Integer
Event: 0.014 loading class java/lang/Integer done
Event: 0.014 loading class java/lang/Long
Event: 0.014 loading class java/lang/Long done
Event: 0.015 loading class java/lang/NullPointerException
Event: 0.015 loading class java/lang/NullPointerException done
Event: 0.015 loading class java/lang/ArithmeticException
Event: 0.015 loading class java/lang/ArithmeticException done


Dynamic libraries:
0x00007ff7cd1d0000 - 0x00007ff7cd205000 	D:\MyStuff\UnityProjects\2019.4.18f1\Editor\Data\PlaybackEngines\AndroidPlayer\OpenJDK\bin\java.exe
0x00007ffc83a80000 - 0x00007ffc83c70000 	C:\Windows\SYSTEM32\ntdll.dll
0x00007ffc81b30000 - 0x00007ffc81be2000 	C:\Windows\System32\KERNEL32.DLL
0x00007ffc81730000 - 0x00007ffc819d4000 	C:\Windows\System32\KERNELBASE.dll
0x00007ffc81f80000 - 0x00007ffc82023000 	C:\Windows\System32\ADVAPI32.dll
0x00007ffc82a40000 - 0x00007ffc82ade000 	C:\Windows\System32\msvcrt.dll
0x00007ffc81e80000 - 0x00007ffc81f17000 	C:\Windows\System32\sechost.dll
0x00007ffc82350000 - 0x00007ffc82470000 	C:\Windows\System32\RPCRT4.dll
0x00007ffc83770000 - 0x00007ffc83904000 	C:\Windows\System32\USER32.dll
0x00007ffc80b70000 - 0x00007ffc80b91000 	C:\Windows\System32\win32u.dll
0x00007ffc820b0000 - 0x00007ffc820d6000 	C:\Windows\System32\GDI32.dll
0x00007ffc81590000 - 0x00007ffc81725000 	C:\Windows\System32\gdi32full.dll
0x00007ffc81a10000 - 0x00007ffc81aae000 	C:\Windows\System32\msvcp_win.dll
0x00007ffc80a70000 - 0x00007ffc80b6a000 	C:\Windows\System32\ucrtbase.dll
0x00007ffc721b0000 - 0x00007ffc72434000 	C:\Windows\WinSxS\amd64_microsoft.windows.common-controls_6595b64144ccf1df_6.0.18362.900_none_e6beb9d913147d17\COMCTL32.dll
0x00007ffc82700000 - 0x00007ffc82a35000 	C:\Windows\System32\combase.dll
0x00007ffc81ab0000 - 0x00007ffc81b30000 	C:\Windows\System32\bcryptPrimitives.dll
0x00007ffc822f0000 - 0x00007ffc8231e000 	C:\Windows\System32\IMM32.DLL
0x000000005c160000 - 0x000000005c232000 	D:\MyStuff\UnityProjects\2019.4.18f1\Editor\Data\PlaybackEngines\AndroidPlayer\OpenJDK\jre\bin\msvcr100.dll
0x000000005b910000 - 0x000000005c159000 	D:\MyStuff\UnityProjects\2019.4.18f1\Editor\Data\PlaybackEngines\AndroidPlayer\OpenJDK\jre\bin\server\jvm.dll
0x00007ffc83640000 - 0x00007ffc83648000 	C:\Windows\System32\PSAPI.DLL
0x00007ffc6f280000 - 0x00007ffc6f289000 	C:\Windows\SYSTEM32\WSOCK32.dll
0x00007ffc7ac70000 - 0x00007ffc7ac7a000 	C:\Windows\SYSTEM32\VERSION.dll
0x00007ffc7ea80000 - 0x00007ffc7eaa4000 	C:\Windows\SYSTEM32\WINMM.dll
0x00007ffc83650000 - 0x00007ffc836bf000 	C:\Windows\System32\WS2_32.dll
0x00007ffc7ea50000 - 0x00007ffc7ea7d000 	C:\Windows\SYSTEM32\winmmbase.dll
0x00007ffc80dc0000 - 0x00007ffc80e0a000 	C:\Windows\System32\cfgmgr32.dll
0x00007ffc668e0000 - 0x00007ffc668ef000 	D:\MyStuff\UnityProjects\2019.4.18f1\Editor\Data\PlaybackEngines\AndroidPlayer\OpenJDK\jre\bin\verify.dll
0x00007ffc63930000 - 0x00007ffc63959000 	D:\MyStuff\UnityProjects\2019.4.18f1\Editor\Data\PlaybackEngines\AndroidPlayer\OpenJDK\jre\bin\java.dll
0x00007ffc63910000 - 0x00007ffc63926000 	D:\MyStuff\UnityProjects\2019.4.18f1\Editor\Data\PlaybackEngines\AndroidPlayer\OpenJDK\jre\bin\zip.dll

VM Arguments:
jvm_args: -Dfile.encoding=UTF-8 -Xmx4096M -Dcom.android.sdkmanager.toolsdir=D:/MyStuff/UnityProjects/2019.4.18f1/Editor/Data/PlaybackEngines/AndroidPlayer\SDK\tools -Dfile.encoding=UTF8 
java_command: D:/MyStuff/UnityProjects/2019.4.18f1/Editor/Data/PlaybackEngines/AndroidPlayer/Tools\sdktools.jar -
java_class_path (initial): D:/MyStuff/UnityProjects/2019.4.18f1/Editor/Data/PlaybackEngines/AndroidPlayer/Tools\sdktools.jar
Launcher Type: SUN_STANDARD

Environment Variables:
JAVA_HOME=D:/MyStuff/UnityProjects/2019.4.18f1/Editor/Data/PlaybackEngines/AndroidPlayer\OpenJDK
JAVA_TOOL_OPTIONS=-Dfile.encoding=UTF-8
PATH=C:\Program Files (x86)\Common Files\Oracle\Java\javapath;D:\MyStuff\Oracle\WINDOWS.X64_193000_db_home\bin;C:\ProgramData\Oracle\Java\javapath;C:\Windows\system32;C:\Windows;C:\Windows\System32\Wbem;C:\Windows\System32\WindowsPowerShell\v1.0\;C:\Windows\System32\OpenSSH\;D:\MyStuff\Git\cmd;C:\Program Files\dotnet\;C:\Program Files\Microsoft SQL Server\130\Tools\Binn\;C:\Program Files\Java\jre1.8.0_271;C:\Users\roman\AppData\Local\Microsoft\WindowsApps;C:\Users\roman\.dotnet\tools;C:\Program Files\mingw-w64\x86_64-8.1.0-posix-seh-rt_v6-rev0\mingw64\bin;C:\Users\roman\AppData\Local\GitHubDesktop\bin;C:\Users\roman\.dotnet\tools
USERNAME=roman
OS=Windows_NT
PROCESSOR_IDENTIFIER=AMD64 Family 23 Model 8 Stepping 2, AuthenticAMD



---------------  S Y S T E M  ---------------

OS: Windows 10.0 , 64 bit Build 18362 (10.0.18362.900)

CPU:total 12 (initial active 12) (12 cores per cpu, 1 threads per core) family 23 model 8 stepping 2, cmov, cx8, fxsr, mmx, sse, sse2, sse3, ssse3, sse4.1, sse4.2, popcnt, avx, avx2, aes, clmul, mmxext, 3dnowpref, lzcnt, sse4a, tsc, tscinvbit, tscinv, bmi1

Memory: 4k page, physical 16727052k(7806604k free), swap 20823052k(5288k free)

vm_info: OpenJDK 64-Bit Server VM (25.71-b00) for windows-amd64 JRE (1.8.0-adoptopenjdk-_2018_05_19_00_59-b00), built on May 19 2018 01:02:12 by "jenkins" with MS VC++ 10.0 (VS2010)

time: Mon Jan 25 20:46:47 2021
elapsed time: 0 seconds (0d 0h 0m 0s)

